Using pre-set license
Built from '2021.3/staging' branch; Version is '2021.3.1f1 (3b70a0754835) revision 3895456'; Using compiler version '192829333'; Build Type 'Release'
OS: 'Windows 11  (10.0.22621) 64bit Professional' Language: 'en' Physical Memory: 16265 MB
BatchMode: 1, IsHumanControllingUs: 0, StartBugReporterOnCrash: 0, Is64bit: 1, IsPro: 1

COMMAND LINE ARGUMENTS:
C:\Program Files\Unity\Hub\Editor\2021.3.1f1\Editor\Unity.exe
-adb2
-batchMode
-noUpm
-name
AssetImportWorker4
-projectPath
A:/UnitySourceCode/DeathmatchArenaMain/DeathMatchArena
-logFile
Logs/AssetImportWorker4.log
-srvPort
59229
Successfully changed project path to: A:/UnitySourceCode/DeathmatchArenaMain/DeathMatchArena
A:/UnitySourceCode/DeathmatchArenaMain/DeathMatchArena
[UnityMemory] Configuration Parameters - Can be set up in boot.config
    "memorysetup-bucket-allocator-granularity=16"
    "memorysetup-bucket-allocator-bucket-count=8"
    "memorysetup-bucket-allocator-block-size=33554432"
    "memorysetup-bucket-allocator-block-count=8"
    "memorysetup-main-allocator-block-size=16777216"
    "memorysetup-thread-allocator-block-size=16777216"
    "memorysetup-gfx-main-allocator-block-size=16777216"
    "memorysetup-gfx-thread-allocator-block-size=16777216"
    "memorysetup-cache-allocator-block-size=4194304"
    "memorysetup-typetree-allocator-block-size=2097152"
    "memorysetup-profiler-bucket-allocator-granularity=16"
    "memorysetup-profiler-bucket-allocator-bucket-count=8"
    "memorysetup-profiler-bucket-allocator-block-size=33554432"
    "memorysetup-profiler-bucket-allocator-block-count=8"
    "memorysetup-profiler-allocator-block-size=16777216"
    "memorysetup-profiler-editor-allocator-block-size=1048576"
    "memorysetup-temp-allocator-size-main=16777216"
    "memorysetup-job-temp-allocator-block-size=2097152"
    "memorysetup-job-temp-allocator-block-size-background=1048576"
    "memorysetup-job-temp-allocator-reduction-small-platforms=262144"
    "memorysetup-temp-allocator-size-background-worker=32768"
    "memorysetup-temp-allocator-size-job-worker=262144"
    "memorysetup-temp-allocator-size-preload-manager=33554432"
    "memorysetup-temp-allocator-size-nav-mesh-worker=65536"
    "memorysetup-temp-allocator-size-audio-worker=65536"
    "memorysetup-temp-allocator-size-cloud-worker=32768"
    "memorysetup-temp-allocator-size-gi-baking-worker=262144"
    "memorysetup-temp-allocator-size-gfx=262144"
Refreshing native plugins compatible for Editor in 150.22 ms, found 3 plugins.
Preloading 0 native plugins for Editor in 0.00 ms.
Initialize engine version: 2021.3.1f1 (3b70a0754835)
[Subsystems] Discovering subsystems at path C:/Program Files/Unity/Hub/Editor/2021.3.1f1/Editor/Data/Resources/UnitySubsystems
[Subsystems] Discovering subsystems at path A:/UnitySourceCode/DeathmatchArenaMain/DeathMatchArena/Assets
GfxDevice: creating device client; threaded=0; jobified=0
Direct3D:
    Version:  Direct3D 11.0 [level 11.1]
    Renderer: NVIDIA GeForce RTX 2060 (ID=0x1e89)
    Vendor:   NVIDIA
    VRAM:     5958 MB
    Driver:   31.0.15.2741
Initialize mono
Mono path[0] = 'C:/Program Files/Unity/Hub/Editor/2021.3.1f1/Editor/Data/Managed'
Mono path[1] = 'C:/Program Files/Unity/Hub/Editor/2021.3.1f1/Editor/Data/MonoBleedingEdge/lib/mono/unityjit-win32'
Mono config path = 'C:/Program Files/Unity/Hub/Editor/2021.3.1f1/Editor/Data/MonoBleedingEdge/etc'
Using monoOptions --debugger-agent=transport=dt_socket,embedding=1,server=y,suspend=n,address=127.0.0.1:56024
Begin MonoManager ReloadAssembly
Registering precompiled unity dll's ...
Register platform support module: C:/Program Files/Unity/Hub/Editor/2021.3.1f1/Editor/Data/PlaybackEngines/AndroidPlayer/UnityEditor.Android.Extensions.dll
Register platform support module: C:/Program Files/Unity/Hub/Editor/2021.3.1f1/Editor/Data/PlaybackEngines/WindowsStandaloneSupport/UnityEditor.WindowsStandalone.Extensions.dll
Registered in 0.004324 seconds.
Native extension for WindowsStandalone target not found
Native extension for Android target not found
Refreshing native plugins compatible for Editor in 119.94 ms, found 3 plugins.
Preloading 0 native plugins for Editor in 0.00 ms.
Mono: successfully reloaded assembly
- Completed reload, in  0.712 seconds
Domain Reload Profiling:
	ReloadAssembly (712ms)
		BeginReloadAssembly (75ms)
			ExecutionOrderSort (0ms)
			DisableScriptedObjects (0ms)
			BackupInstance (0ms)
			ReleaseScriptingObjects (0ms)
			CreateAndSetChildDomain (1ms)
		EndReloadAssembly (517ms)
			LoadAssemblies (75ms)
			RebuildTransferFunctionScriptingTraits (0ms)
			SetupTypeCache (124ms)
			ReleaseScriptCaches (0ms)
			RebuildScriptCaches (23ms)
			SetupLoadedEditorAssemblies (318ms)
				LogAssemblyErrors (0ms)
				InitializePlatformSupportModulesInManaged (46ms)
				SetLoadedEditorAssemblies (0ms)
				RefreshPlugins (120ms)
				BeforeProcessingInitializeOnLoad (1ms)
				ProcessInitializeOnLoadAttributes (98ms)
				ProcessInitializeOnLoadMethodAttributes (53ms)
				AfterProcessingInitializeOnLoad (0ms)
				EditorAssembliesLoaded (0ms)
			ExecutionOrderSort2 (0ms)
			AwakeInstancesAfterBackupRestoration (0ms)
Platform modules already initialized, skipping
Registering precompiled user dll's ...
Registered in 0.003723 seconds.
Begin MonoManager ReloadAssembly
Symbol file LoadedFromMemory doesn't match image A:\UnitySourceCode\DeathmatchArenaMain\DeathMatchArena\Library\PackageCache\com.unity.visualscripting@1.7.6\Editor\VisualScripting.Core\Dependencies\YamlDotNet\Unity.VisualScripting.YamlDotNet.dll
Symbol file LoadedFromMemory is not a mono symbol file
Symbol file LoadedFromMemory doesn't match image A:\UnitySourceCode\DeathmatchArenaMain\DeathMatchArena\Library\PackageCache\com.unity.visualscripting@1.7.6\Editor\VisualScripting.Core\Dependencies\DotNetZip\Unity.VisualScripting.IonicZip.dll
Native extension for WindowsStandalone target not found
Native extension for Android target not found
Refreshing native plugins compatible for Editor in 1.11 ms, found 3 plugins.
Preloading 0 native plugins for Editor in 0.00 ms.
Mono: successfully reloaded assembly
- Completed reload, in  1.424 seconds
Domain Reload Profiling:
	ReloadAssembly (1425ms)
		BeginReloadAssembly (232ms)
			ExecutionOrderSort (0ms)
			DisableScriptedObjects (5ms)
			BackupInstance (0ms)
			ReleaseScriptingObjects (0ms)
			CreateAndSetChildDomain (135ms)
		EndReloadAssembly (1070ms)
			LoadAssemblies (103ms)
			RebuildTransferFunctionScriptingTraits (0ms)
			SetupTypeCache (339ms)
			ReleaseScriptCaches (1ms)
			RebuildScriptCaches (91ms)
			SetupLoadedEditorAssemblies (503ms)
				LogAssemblyErrors (0ms)
				InitializePlatformSupportModulesInManaged (15ms)
				SetLoadedEditorAssemblies (0ms)
				RefreshPlugins (1ms)
				BeforeProcessingInitializeOnLoad (82ms)
				ProcessInitializeOnLoadAttributes (378ms)
				ProcessInitializeOnLoadMethodAttributes (22ms)
				AfterProcessingInitializeOnLoad (4ms)
				EditorAssembliesLoaded (0ms)
			ExecutionOrderSort2 (0ms)
			AwakeInstancesAfterBackupRestoration (4ms)
Platform modules already initialized, skipping
========================================================================
Worker process is ready to serve import requests
Launched and connected shader compiler UnityShaderCompiler.exe after 0.03 seconds
Refreshing native plugins compatible for Editor in 0.98 ms, found 3 plugins.
Preloading 0 native plugins for Editor in 0.00 ms.
Unloading 4801 Unused Serialized files (Serialized files now loaded: 0)
Unloading 48 unused Assets / (1.4 MB). Loaded Objects now: 5263.
Memory consumption went from 181.8 MB to 180.4 MB.
Total: 3.300500 ms (FindLiveObjects: 0.310700 ms CreateObjectMapping: 0.179200 ms MarkObjects: 2.309500 ms  DeleteObjects: 0.499800 ms)

AssetImportParameters requested are different than current active one (requested -> active):
  custom:video-decoder-ogg-theora: a1e56fd34408186e4bbccfd4996cb3dc -> 
  custom:container-muxer-webm: aa71ff27fc2769a1b78a27578f13a17b -> 
  custom:container-demuxer-webm: 4f35f7cbe854078d1ac9338744f61a02 -> 
  custom:video-encoder-webm-vp8: eb34c28f22e8b96e1ab97ce403110664 -> 
  custom:video-codec-MediaFoundation-h265: 746d11721c4dcdbdad8f713fa42b33f4 -> 
  custom:audio-encoder-webm-vorbis: bf7c407c2cedff20999df2af8eb42d56 -> 
  custom:framework-win-MediaFoundation: 216162199b28c13a410421893ffa2e32 -> 
  custom:container-demuxer-ogg: 62fdf1f143b41e24485cea50d1cbac27 -> 
  custom:video-decoder-webm-vp8: 9c59270c3fd7afecdb556c50c9e8de78 -> 
  custom:audio-decoder-ogg-vorbis: bf7c407c2cedff20999df2af8eb42d56 -> 
========================================================================
Received Import Request.
  Time since last request: 277086.441014 seconds.
  path: Assets/Doozy/_Extras/UIMenu/Previews/Components/Button/General/AddToCart Bag.png
  artifactKey: Guid(1e5bc5b4316876c47a246e75d9d401c3) Importer(815301076,1909f56bfc062723c751e8b465ee728b)
Start importing Assets/Doozy/_Extras/UIMenu/Previews/Components/Button/General/AddToCart Bag.png using Guid(1e5bc5b4316876c47a246e75d9d401c3) Importer(815301076,1909f56bfc062723c751e8b465ee728b)  -> (artifact id: '8710012af6cfc6f920bbe5a451fb3e79') in 0.318285 seconds 
========================================================================
Received Import Request.
  Time since last request: 0.666898 seconds.
  path: Assets/Doozy/_Extras/UIMenu/Previews/Components/Button/General/AddToFavorites.png
  artifactKey: Guid(b64ec1732cd9d2c469fb2e424dd54482) Importer(815301076,1909f56bfc062723c751e8b465ee728b)
Start importing Assets/Doozy/_Extras/UIMenu/Previews/Components/Button/General/AddToFavorites.png using Guid(b64ec1732cd9d2c469fb2e424dd54482) Importer(815301076,1909f56bfc062723c751e8b465ee728b)  -> (artifact id: '8961172afd43b92f88caede9006c8295') in 0.228730 seconds 
========================================================================
Received Import Request.
  Time since last request: 0.499932 seconds.
  path: Assets/Doozy/Editor/EditorUI/SpriteSheets/Icons/Animator.png
  artifactKey: Guid(061e9348e5d15c64a97a5b41816026ed) Importer(815301076,1909f56bfc062723c751e8b465ee728b)
Start importing Assets/Doozy/Editor/EditorUI/SpriteSheets/Icons/Animator.png using Guid(061e9348e5d15c64a97a5b41816026ed) Importer(815301076,1909f56bfc062723c751e8b465ee728b)  -> (artifact id: '832271f0d2d39b969baca6f79deca2ad') in 0.140767 seconds 
========================================================================
Received Import Request.
  Time since last request: 1.495812 seconds.
  path: Assets/Doozy/Editor/EditorUI/SpriteSheets/Icons/API.png
  artifactKey: Guid(8e74a6a3124fddb4295dc7400142e2ab) Importer(815301076,1909f56bfc062723c751e8b465ee728b)
Start importing Assets/Doozy/Editor/EditorUI/SpriteSheets/Icons/API.png using Guid(8e74a6a3124fddb4295dc7400142e2ab) Importer(815301076,1909f56bfc062723c751e8b465ee728b)  -> (artifact id: '99d711facc1edadc607ac3a2d348571c') in 0.157214 seconds 
========================================================================
Received Import Request.
  Time since last request: 0.000033 seconds.
  path: Assets/Doozy/Editor/EditorUI/SpriteSheets/Icons/ButtonClick.png
  artifactKey: Guid(cd8645612594ae343a993293b51e5b51) Importer(815301076,1909f56bfc062723c751e8b465ee728b)
Start importing Assets/Doozy/Editor/EditorUI/SpriteSheets/Icons/ButtonClick.png using Guid(cd8645612594ae343a993293b51e5b51) Importer(815301076,1909f56bfc062723c751e8b465ee728b)  -> (artifact id: '4339f878b1c8d39c6bab8a267cd3ebf4') in 0.156988 seconds 
========================================================================
Received Import Request.
  Time since last request: 0.000034 seconds.
  path: Assets/Doozy/_Extras/UIMenu/Previews/Content/Product Card/Card 005.png
  artifactKey: Guid(d7c7784e546844d428d492b9f0236b8a) Importer(815301076,1909f56bfc062723c751e8b465ee728b)
Start importing Assets/Doozy/_Extras/UIMenu/Previews/Content/Product Card/Card 005.png using Guid(d7c7784e546844d428d492b9f0236b8a) Importer(815301076,1909f56bfc062723c751e8b465ee728b)  -> (artifact id: 'fbaefb8e9c72ee0bd1c02d2c26849275') in 1.045342 seconds 
========================================================================
Received Import Request.
  Time since last request: 0.000026 seconds.
  path: Assets/Doozy/Editor/EditorUI/SpriteSheets/Placeholders/EmptySmall.png
  artifactKey: Guid(1b6021b7d13cb824e895bd01e727b374) Importer(815301076,1909f56bfc062723c751e8b465ee728b)
Start importing Assets/Doozy/Editor/EditorUI/SpriteSheets/Placeholders/EmptySmall.png using Guid(1b6021b7d13cb824e895bd01e727b374) Importer(815301076,1909f56bfc062723c751e8b465ee728b)  -> (artifact id: '8490c96c80c448d6ab6d26d316816ef4') in 0.176164 seconds 
========================================================================
Received Import Request.
  Time since last request: 0.000029 seconds.
  path: Assets/Doozy/_Extras/SpriteSheets/Logos/NodyIcon.png
  artifactKey: Guid(970ac2b3802c1424ca19c0cb51fac3fb) Importer(815301076,1909f56bfc062723c751e8b465ee728b)
Start importing Assets/Doozy/_Extras/SpriteSheets/Logos/NodyIcon.png using Guid(970ac2b3802c1424ca19c0cb51fac3fb) Importer(815301076,1909f56bfc062723c751e8b465ee728b)  -> (artifact id: 'c4ecac446e7f9e6956dab77a39227ad5') in 0.137877 seconds 
========================================================================
Received Import Request.
  Time since last request: 0.000022 seconds.
  path: Assets/Doozy/_Extras/UIMenu/Previews/Components/Button/Media/Backward Step.png
  artifactKey: Guid(2a81457dd3c84af44aa109cb1d36515b) Importer(815301076,1909f56bfc062723c751e8b465ee728b)
Start importing Assets/Doozy/_Extras/UIMenu/Previews/Components/Button/Media/Backward Step.png using Guid(2a81457dd3c84af44aa109cb1d36515b) Importer(815301076,1909f56bfc062723c751e8b465ee728b)  -> (artifact id: 'a10cf91f6f3f016a6510163315fdc87c') in 0.258744 seconds 
========================================================================
Received Import Request.
  Time since last request: 0.000026 seconds.
  path: Assets/Doozy/Editor/EditorUI/SpriteSheets/Icons/Copy.png
  artifactKey: Guid(33f7faa302609d1459c46637442ab5d7) Importer(815301076,1909f56bfc062723c751e8b465ee728b)
Start importing Assets/Doozy/Editor/EditorUI/SpriteSheets/Icons/Copy.png using Guid(33f7faa302609d1459c46637442ab5d7) Importer(815301076,1909f56bfc062723c751e8b465ee728b)  -> (artifact id: 'e744d9ec62db87472982cf27be7e01cc') in 0.140906 seconds 
========================================================================
Received Import Request.
  Time since last request: 0.000042 seconds.
  path: Assets/Doozy/_Extras/UIMenu/Previews/Components/Button/General/Close XMark.png
  artifactKey: Guid(cd096674734af6240bfcb2acc19d8d99) Importer(815301076,1909f56bfc062723c751e8b465ee728b)
Start importing Assets/Doozy/_Extras/UIMenu/Previews/Components/Button/General/Close XMark.png using Guid(cd096674734af6240bfcb2acc19d8d99) Importer(815301076,1909f56bfc062723c751e8b465ee728b)  -> (artifact id: '5ecf69e3c3c105452b12d5469b7a1afe') in 0.251613 seconds 
========================================================================
Received Import Request.
  Time since last request: 0.000026 seconds.
  path: Assets/Doozy/Editor/EditorUI/SpriteSheets/Icons/AudioMixer.png
  artifactKey: Guid(d987b9deaea5b894e920d859d6215bd0) Importer(815301076,1909f56bfc062723c751e8b465ee728b)
Start importing Assets/Doozy/Editor/EditorUI/SpriteSheets/Icons/AudioMixer.png using Guid(d987b9deaea5b894e920d859d6215bd0) Importer(815301076,1909f56bfc062723c751e8b465ee728b)  -> (artifact id: '3094e62a471e9617b46bb475ed5b44c0') in 0.139410 seconds 
========================================================================
Received Import Request.
  Time since last request: 0.000030 seconds.
  path: Assets/Doozy/Editor/EditorUI/SpriteSheets/Widgets/CircularGauge.png
  artifactKey: Guid(15b3310dcf2ae2847915cfe1224a53da) Importer(815301076,1909f56bfc062723c751e8b465ee728b)
Start importing Assets/Doozy/Editor/EditorUI/SpriteSheets/Widgets/CircularGauge.png using Guid(15b3310dcf2ae2847915cfe1224a53da) Importer(815301076,1909f56bfc062723c751e8b465ee728b)  -> (artifact id: 'bfb75e22388f3ab2739729a7ec46e889') in 0.583292 seconds 
========================================================================
Received Import Request.
  Time since last request: 0.000031 seconds.
  path: Assets/Doozy/Editor/EditorUI/SpriteSheets/Arrows/ChevronLeft.png
  artifactKey: Guid(5ba84f6455d46d54096d45556440c03d) Importer(815301076,1909f56bfc062723c751e8b465ee728b)
Start importing Assets/Doozy/Editor/EditorUI/SpriteSheets/Arrows/ChevronLeft.png using Guid(5ba84f6455d46d54096d45556440c03d) Importer(815301076,1909f56bfc062723c751e8b465ee728b)  -> (artifact id: '5ee4d791f61a9fbbcab8ba94757c5c1b') in 0.138103 seconds 
========================================================================
Received Import Request.
  Time since last request: 0.000027 seconds.
  path: Assets/Doozy/Editor/EditorUI/SpriteSheets/Icons/Paste.png
  artifactKey: Guid(0595b13f00c224f4594fab56ac51c2e2) Importer(815301076,1909f56bfc062723c751e8b465ee728b)
Start importing Assets/Doozy/Editor/EditorUI/SpriteSheets/Icons/Paste.png using Guid(0595b13f00c224f4594fab56ac51c2e2) Importer(815301076,1909f56bfc062723c751e8b465ee728b)  -> (artifact id: '6e5090581665fe06efac5aa8278ec32e') in 0.150251 seconds 
========================================================================
Received Import Request.
  Time since last request: 0.000029 seconds.
  path: Assets/Doozy/Editor/EditorUI/SpriteSheets/Components/EditorTextureGroup.png
  artifactKey: Guid(7d9e473506982bb46b56e91ac85ba082) Importer(815301076,1909f56bfc062723c751e8b465ee728b)
Start importing Assets/Doozy/Editor/EditorUI/SpriteSheets/Components/EditorTextureGroup.png using Guid(7d9e473506982bb46b56e91ac85ba082) Importer(815301076,1909f56bfc062723c751e8b465ee728b)  -> (artifact id: 'e9b24d22b5911e59af9c5bc00dc3e3cb') in 0.146846 seconds 
========================================================================
Received Import Request.
  Time since last request: 0.000033 seconds.
  path: Assets/Doozy/Editor/EditorUI/SpriteSheets/Components/Checkmark.png
  artifactKey: Guid(868b7b5667f3ff64991ecb5c6658f17d) Importer(815301076,1909f56bfc062723c751e8b465ee728b)
Start importing Assets/Doozy/Editor/EditorUI/SpriteSheets/Components/Checkmark.png using Guid(868b7b5667f3ff64991ecb5c6658f17d) Importer(815301076,1909f56bfc062723c751e8b465ee728b)  -> (artifact id: '1765d227bf773f11418ae624c3f50288') in 0.152072 seconds 
========================================================================
Received Import Request.
  Time since last request: 0.000044 seconds.
  path: Assets/Doozy/_Extras/UIMenu/Previews/Components/Button/General/Globe.png
  artifactKey: Guid(8f7e2e4e4dcdc27489f16d11151b1eee) Importer(815301076,1909f56bfc062723c751e8b465ee728b)
Start importing Assets/Doozy/_Extras/UIMenu/Previews/Components/Button/General/Globe.png using Guid(8f7e2e4e4dcdc27489f16d11151b1eee) Importer(815301076,1909f56bfc062723c751e8b465ee728b)  -> (artifact id: 'dcd173b77ea69ceda79269de3f6b0454') in 0.244424 seconds 
========================================================================
Received Import Request.
  Time since last request: 0.000041 seconds.
  path: Assets/Doozy/Editor/EditorUI/SpriteSheets/Icons/ButtonLeftClick.png
  artifactKey: Guid(c810e983fa520294eab64363aa841f1f) Importer(815301076,1909f56bfc062723c751e8b465ee728b)
Start importing Assets/Doozy/Editor/EditorUI/SpriteSheets/Icons/ButtonLeftClick.png using Guid(c810e983fa520294eab64363aa841f1f) Importer(815301076,1909f56bfc062723c751e8b465ee728b)  -> (artifact id: '91dca4bc35e0772ae8039946c162f8b5') in 0.135806 seconds 
========================================================================
Received Import Request.
  Time since last request: 0.000062 seconds.
  path: Assets/Doozy/_Extras/UIMenu/Previews/Components/Button/Direction/Chevron Down.png
  artifactKey: Guid(ee80a94f142388447bad8602c899158b) Importer(815301076,1909f56bfc062723c751e8b465ee728b)
Start importing Assets/Doozy/_Extras/UIMenu/Previews/Components/Button/Direction/Chevron Down.png using Guid(ee80a94f142388447bad8602c899158b) Importer(815301076,1909f56bfc062723c751e8b465ee728b)  -> (artifact id: 'd4b46c6f6fb46a7f40b1f26f976f32b1') in 0.251591 seconds 
========================================================================
Received Import Request.
  Time since last request: 0.000036 seconds.
  path: Assets/Doozy/Editor/EditorUI/SpriteSheets/Icons/Minus.png
  artifactKey: Guid(2794e5aceba7a3e438f33864a7378dde) Importer(815301076,1909f56bfc062723c751e8b465ee728b)
Start importing Assets/Doozy/Editor/EditorUI/SpriteSheets/Icons/Minus.png using Guid(2794e5aceba7a3e438f33864a7378dde) Importer(815301076,1909f56bfc062723c751e8b465ee728b)  -> (artifact id: 'a3038ece124cc98700552eba6dd202ea') in 0.126575 seconds 
========================================================================
Received Import Request.
  Time since last request: 0.000033 seconds.
  path: Assets/Doozy/_Extras/UIMenu/Previews/Components/Toggle/Switch/Flex Switch.png
  artifactKey: Guid(dfa531f332432c94eb7b79386499ebd3) Importer(815301076,1909f56bfc062723c751e8b465ee728b)
Start importing Assets/Doozy/_Extras/UIMenu/Previews/Components/Toggle/Switch/Flex Switch.png using Guid(dfa531f332432c94eb7b79386499ebd3) Importer(815301076,1909f56bfc062723c751e8b465ee728b)  -> (artifact id: '2c6b11b885e00a28c6ceed4141494f22') in 0.564553 seconds 
========================================================================
Received Import Request.
  Time since last request: 0.000028 seconds.
  path: Assets/Doozy/Editor/EditorUI/SpriteSheets/Arrows/ArrowLeft.png
  artifactKey: Guid(3781ca6ae21edf74db8e0ba6faca5fac) Importer(815301076,1909f56bfc062723c751e8b465ee728b)
Start importing Assets/Doozy/Editor/EditorUI/SpriteSheets/Arrows/ArrowLeft.png using Guid(3781ca6ae21edf74db8e0ba6faca5fac) Importer(815301076,1909f56bfc062723c751e8b465ee728b)  -> (artifact id: '9684e4524247cb3e0bac062d91da8b8b') in 0.133621 seconds 
========================================================================
Received Import Request.
  Time since last request: 0.000040 seconds.
  path: Assets/Doozy/_Extras/UIMenu/Previews/Components/Button/Direction/Circle Arrow Up.png
  artifactKey: Guid(84161b22517096347ba794e5e2716119) Importer(815301076,1909f56bfc062723c751e8b465ee728b)
Start importing Assets/Doozy/_Extras/UIMenu/Previews/Components/Button/Direction/Circle Arrow Up.png using Guid(84161b22517096347ba794e5e2716119) Importer(815301076,1909f56bfc062723c751e8b465ee728b)  -> (artifact id: 'a6fa51e415b3a934bfbf48c0fdfb4ac1') in 0.254339 seconds 
========================================================================
Received Import Request.
  Time since last request: 0.000032 seconds.
  path: Assets/Doozy/Editor/EditorUI/SpriteSheets/Icons/PingPongOnce.png
  artifactKey: Guid(77b471597752a274e8e9c6fcf120fbd7) Importer(815301076,1909f56bfc062723c751e8b465ee728b)
Start importing Assets/Doozy/Editor/EditorUI/SpriteSheets/Icons/PingPongOnce.png using Guid(77b471597752a274e8e9c6fcf120fbd7) Importer(815301076,1909f56bfc062723c751e8b465ee728b)  -> (artifact id: 'f0df6b078b4dc0df05d8f12048868fcb') in 0.134601 seconds 
========================================================================
Received Import Request.
  Time since last request: 0.000063 seconds.
  path: Assets/Doozy/Editor/EditorUI/SpriteSheets/Icons/DisabledEnabled.png
  artifactKey: Guid(3d6517809dacd2c499964b5154ae7820) Importer(815301076,1909f56bfc062723c751e8b465ee728b)
Start importing Assets/Doozy/Editor/EditorUI/SpriteSheets/Icons/DisabledEnabled.png using Guid(3d6517809dacd2c499964b5154ae7820) Importer(815301076,1909f56bfc062723c751e8b465ee728b)  -> (artifact id: '00795bebed0b4de3aa2f4dc5010db833') in 0.131321 seconds 
========================================================================
Received Import Request.
  Time since last request: 0.000081 seconds.
  path: Assets/Doozy/_Extras/UIMenu/Previews/Components/Button/Direction/Circle Arrow Down.png
  artifactKey: Guid(1cebbaf75c5426d418203bcb7e0b189e) Importer(815301076,1909f56bfc062723c751e8b465ee728b)
Start importing Assets/Doozy/_Extras/UIMenu/Previews/Components/Button/Direction/Circle Arrow Down.png using Guid(1cebbaf75c5426d418203bcb7e0b189e) Importer(815301076,1909f56bfc062723c751e8b465ee728b)  -> (artifact id: '7b80d18638545fcb343348251e316fac') in 0.259663 seconds 
========================================================================
Received Import Request.
  Time since last request: 0.000031 seconds.
  path: Assets/Doozy/_Extras/UIMenu/Previews/Containers/Tab Layout/Bottom Left.png
  artifactKey: Guid(0c88cad444353874ea00e76656c49bb6) Importer(815301076,1909f56bfc062723c751e8b465ee728b)
Start importing Assets/Doozy/_Extras/UIMenu/Previews/Containers/Tab Layout/Bottom Left.png using Guid(0c88cad444353874ea00e76656c49bb6) Importer(815301076,1909f56bfc062723c751e8b465ee728b)  -> (artifact id: '9ce108e0e110c3047763d556fd1a43c0') in 0.266721 seconds 
========================================================================
Received Import Request.
  Time since last request: 0.000050 seconds.
  path: Assets/Doozy/_Extras/UIMenu/Previews/Components/Button/Direction/Circle Chevron Right.png
  artifactKey: Guid(0ead88cc42616ba4fa9b7a5c1221f654) Importer(815301076,1909f56bfc062723c751e8b465ee728b)
Start importing Assets/Doozy/_Extras/UIMenu/Previews/Components/Button/Direction/Circle Chevron Right.png using Guid(0ead88cc42616ba4fa9b7a5c1221f654) Importer(815301076,1909f56bfc062723c751e8b465ee728b)  -> (artifact id: 'c5515e146aad46a46a30c16287444f75') in 0.237234 seconds 
========================================================================
Received Import Request.
  Time since last request: 0.000025 seconds.
  path: Assets/Doozy/_Extras/UIMenu/Previews/Components/Button/Direction/Chevron Right.png
  artifactKey: Guid(91e79b3218ccf0743ade0ab6a67e1963) Importer(815301076,1909f56bfc062723c751e8b465ee728b)
Start importing Assets/Doozy/_Extras/UIMenu/Previews/Components/Button/Direction/Chevron Right.png using Guid(91e79b3218ccf0743ade0ab6a67e1963) Importer(815301076,1909f56bfc062723c751e8b465ee728b)  -> (artifact id: 'b5bd80e1cf202aff8756be02dab6db7d') in 0.249579 seconds 
========================================================================
Received Import Request.
  Time since last request: 0.000034 seconds.
  path: Assets/Doozy/Editor/EditorUI/SpriteSheets/Icons/ConnectedDisconnected.png
  artifactKey: Guid(5e83c6c6f6f85544fa3f04bb77d6cf5c) Importer(815301076,1909f56bfc062723c751e8b465ee728b)
Start importing Assets/Doozy/Editor/EditorUI/SpriteSheets/Icons/ConnectedDisconnected.png using Guid(5e83c6c6f6f85544fa3f04bb77d6cf5c) Importer(815301076,1909f56bfc062723c751e8b465ee728b)  -> (artifact id: '5d40eb7b81359d52ce05f189b2c80389') in 0.115691 seconds 
========================================================================
Received Import Request.
  Time since last request: 0.000026 seconds.
  path: Assets/Doozy/Editor/EditorUI/SpriteSheets/Icons/Edit.png
  artifactKey: Guid(17d67ef080e7ec04ba21713c54bc480e) Importer(815301076,1909f56bfc062723c751e8b465ee728b)
Start importing Assets/Doozy/Editor/EditorUI/SpriteSheets/Icons/Edit.png using Guid(17d67ef080e7ec04ba21713c54bc480e) Importer(815301076,1909f56bfc062723c751e8b465ee728b)  -> (artifact id: '147d55b03f875814c69628bdddad7ffa') in 0.139814 seconds 
========================================================================
Received Import Request.
  Time since last request: 0.000029 seconds.
  path: Assets/Doozy/Editor/EditorUI/SpriteSheets/Icons/Close.png
  artifactKey: Guid(5b1c32c196a762d4aa2cf6f2aa27e219) Importer(815301076,1909f56bfc062723c751e8b465ee728b)
Start importing Assets/Doozy/Editor/EditorUI/SpriteSheets/Icons/Close.png using Guid(5b1c32c196a762d4aa2cf6f2aa27e219) Importer(815301076,1909f56bfc062723c751e8b465ee728b)  -> (artifact id: '1ac9347669a787e2bfc0ca25b6b663c4') in 0.120344 seconds 
========================================================================
Received Import Request.
  Time since last request: 0.000031 seconds.
  path: Assets/Doozy/Editor/EditorUI/SpriteSheets/Components/EditorStyleGroup.png
  artifactKey: Guid(22f1396ae4e29f04d84d66813ae30d7a) Importer(815301076,1909f56bfc062723c751e8b465ee728b)
Start importing Assets/Doozy/Editor/EditorUI/SpriteSheets/Components/EditorStyleGroup.png using Guid(22f1396ae4e29f04d84d66813ae30d7a) Importer(815301076,1909f56bfc062723c751e8b465ee728b)  -> (artifact id: '565bccf6d4866b80f6de90ab84981d40') in 0.148316 seconds 
========================================================================
Received Import Request.
  Time since last request: 0.000035 seconds.
  path: Assets/Doozy/_Extras/UIMenu/Previews/Components/Button/Direction/Chevron Left.png
  artifactKey: Guid(49fcdd059dfccd546845538936de20a5) Importer(815301076,1909f56bfc062723c751e8b465ee728b)
Start importing Assets/Doozy/_Extras/UIMenu/Previews/Components/Button/Direction/Chevron Left.png using Guid(49fcdd059dfccd546845538936de20a5) Importer(815301076,1909f56bfc062723c751e8b465ee728b)  -> (artifact id: 'b4f0c7e2e1fc2afcc83292c3bf1b8cbf') in 0.246652 seconds 
========================================================================
Received Import Request.
  Time since last request: 0.000037 seconds.
  path: Assets/Doozy/Editor/EditorUI/SpriteSheets/Icons/LastFrame.png
  artifactKey: Guid(3f58f9181f1d5e24f9d9772b285c4f97) Importer(815301076,1909f56bfc062723c751e8b465ee728b)
Start importing Assets/Doozy/Editor/EditorUI/SpriteSheets/Icons/LastFrame.png using Guid(3f58f9181f1d5e24f9d9772b285c4f97) Importer(815301076,1909f56bfc062723c751e8b465ee728b)  -> (artifact id: '239f126cc68f4cd53c08d33547d43eeb') in 0.125173 seconds 
========================================================================
Received Import Request.
  Time since last request: 0.000047 seconds.
  path: Assets/Doozy/Editor/EditorUI/SpriteSheets/Icons/Atom.png
  artifactKey: Guid(7ea4f557aadfa73479fe106d23a12a92) Importer(815301076,1909f56bfc062723c751e8b465ee728b)
Start importing Assets/Doozy/Editor/EditorUI/SpriteSheets/Icons/Atom.png using Guid(7ea4f557aadfa73479fe106d23a12a92) Importer(815301076,1909f56bfc062723c751e8b465ee728b)  -> (artifact id: '7147b58c4e6b627e61159d24a9977366') in 0.152488 seconds 
========================================================================
Received Import Request.
  Time since last request: 0.000032 seconds.
  path: Assets/Doozy/Editor/EditorUI/SpriteSheets/Icons/Debug.png
  artifactKey: Guid(b3f4512358e56864ba1e17a19b985d7e) Importer(815301076,1909f56bfc062723c751e8b465ee728b)
Start importing Assets/Doozy/Editor/EditorUI/SpriteSheets/Icons/Debug.png using Guid(b3f4512358e56864ba1e17a19b985d7e) Importer(815301076,1909f56bfc062723c751e8b465ee728b)  -> (artifact id: 'a59d740055d68ec43c4bec04b1e22058') in 0.151234 seconds 
========================================================================
Received Import Request.
  Time since last request: 0.000023 seconds.
  path: Assets/Doozy/Editor/EditorUI/SpriteSheets/Icons/OffOn.png
  artifactKey: Guid(284e9de4074abb14e99e7544faac0bf0) Importer(815301076,1909f56bfc062723c751e8b465ee728b)
Start importing Assets/Doozy/Editor/EditorUI/SpriteSheets/Icons/OffOn.png using Guid(284e9de4074abb14e99e7544faac0bf0) Importer(815301076,1909f56bfc062723c751e8b465ee728b)  -> (artifact id: 'd392e98bf14c1ee73bec3fed3da3a04d') in 0.123865 seconds 
Editor requested this worker to shutdown with reason: Scaling down because of idle timeout
AssetImportWorker is now disconnected from the server
Process exiting
Exiting without the bug reporter. Application will terminate with return code 0