Using pre-set license
Built from '2021.3/staging' branch; Version is '2021.3.1f1 (3b70a0754835) revision 3895456'; Using compiler version '192829333'; Build Type 'Release'
OS: 'Windows 11  (10.0.22621) 64bit Professional' Language: 'en' Physical Memory: 16265 MB
BatchMode: 1, IsHumanControllingUs: 0, StartBugReporterOnCrash: 0, Is64bit: 1, IsPro: 1

COMMAND LINE ARGUMENTS:
C:\Program Files\Unity\Hub\Editor\2021.3.1f1\Editor\Unity.exe
-adb2
-batchMode
-noUpm
-name
AssetImportWorker2
-projectPath
A:/UnitySourceCode/DeathmatchArenaMain/DeathMatchArena
-logFile
Logs/AssetImportWorker2.log
-srvPort
62547
Successfully changed project path to: A:/UnitySourceCode/DeathmatchArenaMain/DeathMatchArena
A:/UnitySourceCode/DeathmatchArenaMain/DeathMatchArena
[UnityMemory] Configuration Parameters - Can be set up in boot.config
    "memorysetup-bucket-allocator-granularity=16"
    "memorysetup-bucket-allocator-bucket-count=8"
    "memorysetup-bucket-allocator-block-size=33554432"
    "memorysetup-bucket-allocator-block-count=8"
    "memorysetup-main-allocator-block-size=16777216"
    "memorysetup-thread-allocator-block-size=16777216"
    "memorysetup-gfx-main-allocator-block-size=16777216"
    "memorysetup-gfx-thread-allocator-block-size=16777216"
    "memorysetup-cache-allocator-block-size=4194304"
    "memorysetup-typetree-allocator-block-size=2097152"
    "memorysetup-profiler-bucket-allocator-granularity=16"
    "memorysetup-profiler-bucket-allocator-bucket-count=8"
    "memorysetup-profiler-bucket-allocator-block-size=33554432"
    "memorysetup-profiler-bucket-allocator-block-count=8"
    "memorysetup-profiler-allocator-block-size=16777216"
    "memorysetup-profiler-editor-allocator-block-size=1048576"
    "memorysetup-temp-allocator-size-main=16777216"
    "memorysetup-job-temp-allocator-block-size=2097152"
    "memorysetup-job-temp-allocator-block-size-background=1048576"
    "memorysetup-job-temp-allocator-reduction-small-platforms=262144"
    "memorysetup-temp-allocator-size-background-worker=32768"
    "memorysetup-temp-allocator-size-job-worker=262144"
    "memorysetup-temp-allocator-size-preload-manager=33554432"
    "memorysetup-temp-allocator-size-nav-mesh-worker=65536"
    "memorysetup-temp-allocator-size-audio-worker=65536"
    "memorysetup-temp-allocator-size-cloud-worker=32768"
    "memorysetup-temp-allocator-size-gi-baking-worker=262144"
    "memorysetup-temp-allocator-size-gfx=262144"
Refreshing native plugins compatible for Editor in 142.63 ms, found 3 plugins.
Preloading 0 native plugins for Editor in 0.00 ms.
Initialize engine version: 2021.3.1f1 (3b70a0754835)
[Subsystems] Discovering subsystems at path C:/Program Files/Unity/Hub/Editor/2021.3.1f1/Editor/Data/Resources/UnitySubsystems
[Subsystems] Discovering subsystems at path A:/UnitySourceCode/DeathmatchArenaMain/DeathMatchArena/Assets
GfxDevice: creating device client; threaded=0; jobified=0
Direct3D:
    Version:  Direct3D 11.0 [level 11.1]
    Renderer: NVIDIA GeForce RTX 2060 (ID=0x1e89)
    Vendor:   NVIDIA
    VRAM:     5958 MB
    Driver:   31.0.15.2741
Initialize mono
Mono path[0] = 'C:/Program Files/Unity/Hub/Editor/2021.3.1f1/Editor/Data/Managed'
Mono path[1] = 'C:/Program Files/Unity/Hub/Editor/2021.3.1f1/Editor/Data/MonoBleedingEdge/lib/mono/unityjit-win32'
Mono config path = 'C:/Program Files/Unity/Hub/Editor/2021.3.1f1/Editor/Data/MonoBleedingEdge/etc'
Using monoOptions --debugger-agent=transport=dt_socket,embedding=1,server=y,suspend=n,address=127.0.0.1:56500
Begin MonoManager ReloadAssembly
Registering precompiled unity dll's ...
Register platform support module: C:/Program Files/Unity/Hub/Editor/2021.3.1f1/Editor/Data/PlaybackEngines/AndroidPlayer/UnityEditor.Android.Extensions.dll
Register platform support module: C:/Program Files/Unity/Hub/Editor/2021.3.1f1/Editor/Data/PlaybackEngines/WindowsStandaloneSupport/UnityEditor.WindowsStandalone.Extensions.dll
Registered in 0.003695 seconds.
Native extension for WindowsStandalone target not found
Native extension for Android target not found
Refreshing native plugins compatible for Editor in 105.82 ms, found 3 plugins.
Preloading 0 native plugins for Editor in 0.00 ms.
Mono: successfully reloaded assembly
- Completed reload, in  0.773 seconds
Domain Reload Profiling:
	ReloadAssembly (773ms)
		BeginReloadAssembly (101ms)
			ExecutionOrderSort (0ms)
			DisableScriptedObjects (0ms)
			BackupInstance (0ms)
			ReleaseScriptingObjects (0ms)
			CreateAndSetChildDomain (1ms)
		EndReloadAssembly (532ms)
			LoadAssemblies (100ms)
			RebuildTransferFunctionScriptingTraits (0ms)
			SetupTypeCache (134ms)
			ReleaseScriptCaches (0ms)
			RebuildScriptCaches (31ms)
			SetupLoadedEditorAssemblies (312ms)
				LogAssemblyErrors (0ms)
				InitializePlatformSupportModulesInManaged (56ms)
				SetLoadedEditorAssemblies (0ms)
				RefreshPlugins (106ms)
				BeforeProcessingInitializeOnLoad (1ms)
				ProcessInitializeOnLoadAttributes (98ms)
				ProcessInitializeOnLoadMethodAttributes (51ms)
				AfterProcessingInitializeOnLoad (0ms)
				EditorAssembliesLoaded (0ms)
			ExecutionOrderSort2 (0ms)
			AwakeInstancesAfterBackupRestoration (0ms)
Platform modules already initialized, skipping
Registering precompiled user dll's ...
Registered in 0.003112 seconds.
Begin MonoManager ReloadAssembly
Symbol file LoadedFromMemory doesn't match image A:\UnitySourceCode\DeathmatchArenaMain\DeathMatchArena\Library\PackageCache\com.unity.visualscripting@1.7.6\Editor\VisualScripting.Core\Dependencies\YamlDotNet\Unity.VisualScripting.YamlDotNet.dll
Symbol file LoadedFromMemory is not a mono symbol file
Symbol file LoadedFromMemory doesn't match image A:\UnitySourceCode\DeathmatchArenaMain\DeathMatchArena\Library\PackageCache\com.unity.visualscripting@1.7.6\Editor\VisualScripting.Core\Dependencies\DotNetZip\Unity.VisualScripting.IonicZip.dll
Native extension for WindowsStandalone target not found
Native extension for Android target not found
Refreshing native plugins compatible for Editor in 1.09 ms, found 3 plugins.
Preloading 0 native plugins for Editor in 0.00 ms.
Mono: successfully reloaded assembly
- Completed reload, in  1.528 seconds
Domain Reload Profiling:
	ReloadAssembly (1529ms)
		BeginReloadAssembly (201ms)
			ExecutionOrderSort (0ms)
			DisableScriptedObjects (5ms)
			BackupInstance (0ms)
			ReleaseScriptingObjects (0ms)
			CreateAndSetChildDomain (124ms)
		EndReloadAssembly (1226ms)
			LoadAssemblies (115ms)
			RebuildTransferFunctionScriptingTraits (0ms)
			SetupTypeCache (386ms)
			ReleaseScriptCaches (1ms)
			RebuildScriptCaches (92ms)
			SetupLoadedEditorAssemblies (575ms)
				LogAssemblyErrors (0ms)
				InitializePlatformSupportModulesInManaged (13ms)
				SetLoadedEditorAssemblies (1ms)
				RefreshPlugins (1ms)
				BeforeProcessingInitializeOnLoad (80ms)
				ProcessInitializeOnLoadAttributes (448ms)
				ProcessInitializeOnLoadMethodAttributes (26ms)
				AfterProcessingInitializeOnLoad (5ms)
				EditorAssembliesLoaded (0ms)
			ExecutionOrderSort2 (0ms)
			AwakeInstancesAfterBackupRestoration (5ms)
Platform modules already initialized, skipping
========================================================================
Worker process is ready to serve import requests
Launched and connected shader compiler UnityShaderCompiler.exe after 0.05 seconds
Refreshing native plugins compatible for Editor in 1.37 ms, found 3 plugins.
Preloading 0 native plugins for Editor in 0.00 ms.
Unloading 4501 Unused Serialized files (Serialized files now loaded: 0)
Unloading 31 unused Assets / (55.8 KB). Loaded Objects now: 4967.
Memory consumption went from 162.0 MB to 161.9 MB.
Total: 4.320700 ms (FindLiveObjects: 0.487200 ms CreateObjectMapping: 0.491100 ms MarkObjects: 3.261700 ms  DeleteObjects: 0.079300 ms)

AssetImportParameters requested are different than current active one (requested -> active):
  custom:video-decoder-ogg-theora: a1e56fd34408186e4bbccfd4996cb3dc -> 
  custom:container-muxer-webm: aa71ff27fc2769a1b78a27578f13a17b -> 
  custom:container-demuxer-webm: 4f35f7cbe854078d1ac9338744f61a02 -> 
  custom:video-encoder-webm-vp8: eb34c28f22e8b96e1ab97ce403110664 -> 
  custom:video-codec-MediaFoundation-h265: 746d11721c4dcdbdad8f713fa42b33f4 -> 
  custom:audio-encoder-webm-vorbis: bf7c407c2cedff20999df2af8eb42d56 -> 
  custom:framework-win-MediaFoundation: 216162199b28c13a410421893ffa2e32 -> 
  custom:container-demuxer-ogg: 62fdf1f143b41e24485cea50d1cbac27 -> 
  custom:video-decoder-webm-vp8: 9c59270c3fd7afecdb556c50c9e8de78 -> 
  custom:audio-decoder-ogg-vorbis: bf7c407c2cedff20999df2af8eb42d56 -> 
========================================================================
Received Import Request.
  Time since last request: 502463.942876 seconds.
  path: Assets/Doozy/_Extras/Sprites/Brands/android.png
  artifactKey: Guid(d7ac6abab520a3f4fb4a0889e6d0cbc2) Importer(815301076,1909f56bfc062723c751e8b465ee728b)
Start importing Assets/Doozy/_Extras/Sprites/Brands/android.png using Guid(d7ac6abab520a3f4fb4a0889e6d0cbc2) Importer(815301076,1909f56bfc062723c751e8b465ee728b)  -> (artifact id: '67711ec47d63e912a1540b320c25bcfd') in 0.126542 seconds 
========================================================================
Received Import Request.
  Time since last request: 0.000023 seconds.
  path: Assets/Doozy/_Extras/Sprites/Wallpapers/AbstractAcrylic_9.png
  artifactKey: Guid(3e2a051c94575d14c87964cd68cede11) Importer(815301076,1909f56bfc062723c751e8b465ee728b)
Start importing Assets/Doozy/_Extras/Sprites/Wallpapers/AbstractAcrylic_9.png using Guid(3e2a051c94575d14c87964cd68cede11) Importer(815301076,1909f56bfc062723c751e8b465ee728b)  -> (artifact id: '52de969641f5925c43badf07da16394b') in 0.065155 seconds 
========================================================================
Received Import Request.
  Time since last request: 0.000030 seconds.
  path: Assets/Doozy/_Extras/Sprites/Icons/angle-left_light.png
  artifactKey: Guid(168258e23354c4c40bd3d8a517938a06) Importer(815301076,1909f56bfc062723c751e8b465ee728b)
Start importing Assets/Doozy/_Extras/Sprites/Icons/angle-left_light.png using Guid(168258e23354c4c40bd3d8a517938a06) Importer(815301076,1909f56bfc062723c751e8b465ee728b)  -> (artifact id: '6b1e1c67887752e8e651e0b2a8bce2c0') in 0.028545 seconds 
========================================================================
Received Import Request.
  Time since last request: 0.000047 seconds.
  path: Assets/Doozy/_Extras/Sprites/Icons/arrow-down_regular.png
  artifactKey: Guid(e27dc0766f030884caa5e7ff42892617) Importer(815301076,1909f56bfc062723c751e8b465ee728b)
Start importing Assets/Doozy/_Extras/Sprites/Icons/arrow-down_regular.png using Guid(e27dc0766f030884caa5e7ff42892617) Importer(815301076,1909f56bfc062723c751e8b465ee728b)  -> (artifact id: 'a05d8eb595c9e9cd764d5cccdc938b4b') in 0.024792 seconds 
========================================================================
Received Import Request.
  Time since last request: 0.000023 seconds.
  path: Assets/Doozy/_Extras/Sprites/Icons/arrow-down-to-line_regular.png
  artifactKey: Guid(db60c54bb2c28764da36e6249f45173a) Importer(815301076,1909f56bfc062723c751e8b465ee728b)
Start importing Assets/Doozy/_Extras/Sprites/Icons/arrow-down-to-line_regular.png using Guid(db60c54bb2c28764da36e6249f45173a) Importer(815301076,1909f56bfc062723c751e8b465ee728b)  -> (artifact id: '9cdf96aa47cc6444a7502a5107d1a65f') in 0.027699 seconds 
========================================================================
Received Import Request.
  Time since last request: 0.000039 seconds.
  path: Assets/Doozy/_Extras/Sprites/Wallpapers/AbstractAcrylic_2.png
  artifactKey: Guid(87e0932ca53bb0b47bbb53dca522eba7) Importer(815301076,1909f56bfc062723c751e8b465ee728b)
Start importing Assets/Doozy/_Extras/Sprites/Wallpapers/AbstractAcrylic_2.png using Guid(87e0932ca53bb0b47bbb53dca522eba7) Importer(815301076,1909f56bfc062723c751e8b465ee728b)  -> (artifact id: '18080cf7ddc4118c75746e168dbd1cf9') in 0.050424 seconds 
========================================================================
Received Import Request.
  Time since last request: 0.000023 seconds.
  path: Assets/Doozy/_Extras/Sprites/Icons/angles-left_light.png
  artifactKey: Guid(8371bd1240f422a46a2cc138a3a48c27) Importer(815301076,1909f56bfc062723c751e8b465ee728b)
Start importing Assets/Doozy/_Extras/Sprites/Icons/angles-left_light.png using Guid(8371bd1240f422a46a2cc138a3a48c27) Importer(815301076,1909f56bfc062723c751e8b465ee728b)  -> (artifact id: '7cb57e54409e9a690a3fac2e18ccdbc7') in 0.024293 seconds 
========================================================================
Received Import Request.
  Time since last request: 0.000022 seconds.
  path: Assets/Doozy/_Extras/Sprites/Wallpapers/AcrylicCreative_4.png
  artifactKey: Guid(b82fc415f8063484faeca4fbec889b7b) Importer(815301076,1909f56bfc062723c751e8b465ee728b)
Start importing Assets/Doozy/_Extras/Sprites/Wallpapers/AcrylicCreative_4.png using Guid(b82fc415f8063484faeca4fbec889b7b) Importer(815301076,1909f56bfc062723c751e8b465ee728b)  -> (artifact id: '15aa370e97610f56b37f23533465307d') in 0.051071 seconds 
========================================================================
Received Import Request.
  Time since last request: 0.000027 seconds.
  path: Assets/Doozy/_Extras/Sprites/Icons/angle-right_regular.png
  artifactKey: Guid(0ef2fd665836dad4c8f63b4bb8aace8b) Importer(815301076,1909f56bfc062723c751e8b465ee728b)
Start importing Assets/Doozy/_Extras/Sprites/Icons/angle-right_regular.png using Guid(0ef2fd665836dad4c8f63b4bb8aace8b) Importer(815301076,1909f56bfc062723c751e8b465ee728b)  -> (artifact id: '2071f2fb699ba330bf93e5d935b49e27') in 0.019811 seconds 
========================================================================
Received Import Request.
  Time since last request: 0.000036 seconds.
  path: Assets/Doozy/_Extras/Sprites/Icons/arrow-down-to-line_solid.png
  artifactKey: Guid(00955cc2c4e3cad42a00bbbd5c6c2117) Importer(815301076,1909f56bfc062723c751e8b465ee728b)
Start importing Assets/Doozy/_Extras/Sprites/Icons/arrow-down-to-line_solid.png using Guid(00955cc2c4e3cad42a00bbbd5c6c2117) Importer(815301076,1909f56bfc062723c751e8b465ee728b)  -> (artifact id: '33f7bb9fbd56148d4d4c06e0eddab63c') in 0.021000 seconds 
========================================================================
Received Import Request.
  Time since last request: 0.000020 seconds.
  path: Assets/Doozy/_Extras/Sprites/Icons/arrow-left_solid.png
  artifactKey: Guid(3541483f32d41c642a4a8cb256ea3a28) Importer(815301076,1909f56bfc062723c751e8b465ee728b)
Start importing Assets/Doozy/_Extras/Sprites/Icons/arrow-left_solid.png using Guid(3541483f32d41c642a4a8cb256ea3a28) Importer(815301076,1909f56bfc062723c751e8b465ee728b)  -> (artifact id: '4458c5573470bf6c6c400a7c85c6fd83') in 0.025785 seconds 
========================================================================
Received Import Request.
  Time since last request: 0.000032 seconds.
  path: Assets/Doozy/_Extras/Sprites/Icons/angle-left_solid.png
  artifactKey: Guid(6e2d45894063ae642b581f62b6d3a6bc) Importer(815301076,1909f56bfc062723c751e8b465ee728b)
Start importing Assets/Doozy/_Extras/Sprites/Icons/angle-left_solid.png using Guid(6e2d45894063ae642b581f62b6d3a6bc) Importer(815301076,1909f56bfc062723c751e8b465ee728b)  -> (artifact id: 'be950e6aecb2c6d9b335560045176ee1') in 0.020712 seconds 
========================================================================
Received Import Request.
  Time since last request: 0.000025 seconds.
  path: Assets/Doozy/_Extras/Sprites/Wallpapers/AbstractAcrylic_7.png
  artifactKey: Guid(3246d4d2e5c84084c9dc570eb5fb598e) Importer(815301076,1909f56bfc062723c751e8b465ee728b)
Start importing Assets/Doozy/_Extras/Sprites/Wallpapers/AbstractAcrylic_7.png using Guid(3246d4d2e5c84084c9dc570eb5fb598e) Importer(815301076,1909f56bfc062723c751e8b465ee728b)  -> (artifact id: 'c752f48664510aab2cdae35f645b4fc6') in 0.054004 seconds 
========================================================================
Received Import Request.
  Time since last request: 0.000029 seconds.
  path: Assets/Doozy/_Extras/Sprites/Icons/angles-left_regular.png
  artifactKey: Guid(7aceef4f533cabb4d9ab64d6aae8a5c9) Importer(815301076,1909f56bfc062723c751e8b465ee728b)
Start importing Assets/Doozy/_Extras/Sprites/Icons/angles-left_regular.png using Guid(7aceef4f533cabb4d9ab64d6aae8a5c9) Importer(815301076,1909f56bfc062723c751e8b465ee728b)  -> (artifact id: '1c191376165915796ee8c855b5b0e1df') in 0.024831 seconds 
========================================================================
Received Import Request.
  Time since last request: 0.000026 seconds.
  path: Assets/Doozy/_Extras/Sprites/Icons/arrow-left_regular.png
  artifactKey: Guid(d21c1f52f7936304fa8015cc92832850) Importer(815301076,1909f56bfc062723c751e8b465ee728b)
Start importing Assets/Doozy/_Extras/Sprites/Icons/arrow-left_regular.png using Guid(d21c1f52f7936304fa8015cc92832850) Importer(815301076,1909f56bfc062723c751e8b465ee728b)  -> (artifact id: '6a9fc94bd952f08fa111b4a250aabd62') in 0.020132 seconds 
========================================================================
Received Import Request.
  Time since last request: 0.000040 seconds.
  path: Assets/Doozy/_Extras/Sprites/Brands/amazon.png
  artifactKey: Guid(c2c3f8491a34cf04a8656efbecea857d) Importer(815301076,1909f56bfc062723c751e8b465ee728b)
Start importing Assets/Doozy/_Extras/Sprites/Brands/amazon.png using Guid(c2c3f8491a34cf04a8656efbecea857d) Importer(815301076,1909f56bfc062723c751e8b465ee728b)  -> (artifact id: '1557f7a60233e79549b5938bcba0a45b') in 0.021897 seconds 
========================================================================
Received Import Request.
  Time since last request: 0.000034 seconds.
  path: Assets/Doozy/_Extras/Sprites/Icons/angles-down_light.png
  artifactKey: Guid(38cbaecb13e653f4b97eef5d5ec25b3c) Importer(815301076,1909f56bfc062723c751e8b465ee728b)
Start importing Assets/Doozy/_Extras/Sprites/Icons/angles-down_light.png using Guid(38cbaecb13e653f4b97eef5d5ec25b3c) Importer(815301076,1909f56bfc062723c751e8b465ee728b)  -> (artifact id: 'f3d6f70f89485930ffc3b8c0518184ff') in 0.021730 seconds 
========================================================================
Received Import Request.
  Time since last request: 0.000023 seconds.
  path: Assets/Doozy/_Extras/Sprites/Icons/angle-right_light.png
  artifactKey: Guid(4b350fff05d48d341ac242c50972642a) Importer(815301076,1909f56bfc062723c751e8b465ee728b)
Start importing Assets/Doozy/_Extras/Sprites/Icons/angle-right_light.png using Guid(4b350fff05d48d341ac242c50972642a) Importer(815301076,1909f56bfc062723c751e8b465ee728b)  -> (artifact id: '46b17fb81f415b13da96f76e132d4d61') in 0.047947 seconds 
========================================================================
Received Import Request.
  Time since last request: 0.000042 seconds.
  path: Assets/Doozy/_Extras/Sprites/Icons/angle-up_light.png
  artifactKey: Guid(76672e90e5a62df47814421921df7544) Importer(815301076,1909f56bfc062723c751e8b465ee728b)
Start importing Assets/Doozy/_Extras/Sprites/Icons/angle-up_light.png using Guid(76672e90e5a62df47814421921df7544) Importer(815301076,1909f56bfc062723c751e8b465ee728b)  -> (artifact id: '30c75ce36e12bc59c0e248a29dcd3c38') in 0.032729 seconds 
========================================================================
Received Import Request.
  Time since last request: 0.000034 seconds.
  path: Assets/Doozy/_Extras/Sprites/Icons/angles-down_solid.png
  artifactKey: Guid(9426caa04181bbd44980a105cbfc4109) Importer(815301076,1909f56bfc062723c751e8b465ee728b)
Start importing Assets/Doozy/_Extras/Sprites/Icons/angles-down_solid.png using Guid(9426caa04181bbd44980a105cbfc4109) Importer(815301076,1909f56bfc062723c751e8b465ee728b)  -> (artifact id: 'ffc72db5ec6c3445694657bf93c9b0ff') in 0.023965 seconds 
========================================================================
Received Import Request.
  Time since last request: 0.000034 seconds.
  path: Assets/Doozy/_Extras/Sprites/Icons/arrow-up-from-line_regular.png
  artifactKey: Guid(273e8047d8b837c4b8fca8d26a6bfd79) Importer(815301076,1909f56bfc062723c751e8b465ee728b)
Start importing Assets/Doozy/_Extras/Sprites/Icons/arrow-up-from-line_regular.png using Guid(273e8047d8b837c4b8fca8d26a6bfd79) Importer(815301076,1909f56bfc062723c751e8b465ee728b)  -> (artifact id: '20fd96a79ba456a8e698c751b909f1bc') in 0.022531 seconds 
========================================================================
Received Import Request.
  Time since last request: 0.000025 seconds.
  path: Assets/Doozy/_Extras/Sprites/Icons/address-card_regular.png
  artifactKey: Guid(35df2b82e8391ac48a6e379b0d0fe8e7) Importer(815301076,1909f56bfc062723c751e8b465ee728b)
Start importing Assets/Doozy/_Extras/Sprites/Icons/address-card_regular.png using Guid(35df2b82e8391ac48a6e379b0d0fe8e7) Importer(815301076,1909f56bfc062723c751e8b465ee728b)  -> (artifact id: '2b26ac42595f99253439cee259b28640') in 0.022174 seconds 
========================================================================
Received Import Request.
  Time since last request: 0.000036 seconds.
  path: Assets/Doozy/_Extras/Sprites/Icons/angle-up_solid.png
  artifactKey: Guid(e8bf5d34a57c72440a1d9270fbe1fc78) Importer(815301076,1909f56bfc062723c751e8b465ee728b)
Start importing Assets/Doozy/_Extras/Sprites/Icons/angle-up_solid.png using Guid(e8bf5d34a57c72440a1d9270fbe1fc78) Importer(815301076,1909f56bfc062723c751e8b465ee728b)  -> (artifact id: '26ebd8446994dde4de6dcbc1cb25067f') in 0.023125 seconds 
========================================================================
Received Import Request.
  Time since last request: 0.000029 seconds.
  path: Assets/Doozy/_Extras/Sprites/Icons/arrows-rotate_regular.png
  artifactKey: Guid(7cfbac4fc463b444db1019d01059b2eb) Importer(815301076,1909f56bfc062723c751e8b465ee728b)
Start importing Assets/Doozy/_Extras/Sprites/Icons/arrows-rotate_regular.png using Guid(7cfbac4fc463b444db1019d01059b2eb) Importer(815301076,1909f56bfc062723c751e8b465ee728b)  -> (artifact id: '1c7fa7d6ebf9f03d6986853333e76892') in 0.021805 seconds 
========================================================================
Received Import Request.
  Time since last request: 0.000026 seconds.
  path: Assets/Doozy/_Extras/Sprites/Icons/address-book_light.png
  artifactKey: Guid(85660d0a09105964dbe885b7707e64f4) Importer(815301076,1909f56bfc062723c751e8b465ee728b)
Start importing Assets/Doozy/_Extras/Sprites/Icons/address-book_light.png using Guid(85660d0a09105964dbe885b7707e64f4) Importer(815301076,1909f56bfc062723c751e8b465ee728b)  -> (artifact id: '0193a1bd0cf0931ae79cabf44b9151cd') in 0.023973 seconds 
========================================================================
Received Import Request.
  Time since last request: 0.000021 seconds.
  path: Assets/Doozy/_Extras/Sprites/Icons/arrow-up_solid.png
  artifactKey: Guid(0e03fb408383add43b634f9a6be01fd0) Importer(815301076,1909f56bfc062723c751e8b465ee728b)
Start importing Assets/Doozy/_Extras/Sprites/Icons/arrow-up_solid.png using Guid(0e03fb408383add43b634f9a6be01fd0) Importer(815301076,1909f56bfc062723c751e8b465ee728b)  -> (artifact id: '83bd592a02b911c34a476298e25b4806') in 0.022685 seconds 
========================================================================
Received Import Request.
  Time since last request: 0.000023 seconds.
  path: Assets/Doozy/_Extras/Sprites/Wallpapers/AbstractAcrylic_6.png
  artifactKey: Guid(8be82057112959d43864e8f744c72b9a) Importer(815301076,1909f56bfc062723c751e8b465ee728b)
Start importing Assets/Doozy/_Extras/Sprites/Wallpapers/AbstractAcrylic_6.png using Guid(8be82057112959d43864e8f744c72b9a) Importer(815301076,1909f56bfc062723c751e8b465ee728b)  -> (artifact id: 'af247e0a5d09f86499b93a7479ba7f92') in 0.049674 seconds 
========================================================================
Received Import Request.
  Time since last request: 0.000025 seconds.
  path: Assets/Doozy/_Extras/Sprites/Wallpapers/AcrylicCreative_1.png
  artifactKey: Guid(15f341bfde945e948ad2ddf9d54b8ca1) Importer(815301076,1909f56bfc062723c751e8b465ee728b)
Start importing Assets/Doozy/_Extras/Sprites/Wallpapers/AcrylicCreative_1.png using Guid(15f341bfde945e948ad2ddf9d54b8ca1) Importer(815301076,1909f56bfc062723c751e8b465ee728b)  -> (artifact id: 'b8b8b1e8d60e5bac8c564fb40b0369ce') in 0.051237 seconds 
========================================================================
Received Import Request.
  Time since last request: 0.000027 seconds.
  path: Assets/Doozy/_Extras/Sprites/Icons/arrows-rotate_solid.png
  artifactKey: Guid(17bf104d8193de14a953689724b07b4e) Importer(815301076,1909f56bfc062723c751e8b465ee728b)
Start importing Assets/Doozy/_Extras/Sprites/Icons/arrows-rotate_solid.png using Guid(17bf104d8193de14a953689724b07b4e) Importer(815301076,1909f56bfc062723c751e8b465ee728b)  -> (artifact id: 'eb25d3650aeb54f7f5046cdfcbe5e71c') in 0.025140 seconds 
========================================================================
Received Prepare
Registering precompiled user dll's ...
Registered in 0.003424 seconds.
Begin MonoManager ReloadAssembly
Symbol file LoadedFromMemory doesn't match image A:\UnitySourceCode\DeathmatchArenaMain\DeathMatchArena\Library\PackageCache\com.unity.visualscripting@1.7.6\Editor\VisualScripting.Core\Dependencies\YamlDotNet\Unity.VisualScripting.YamlDotNet.dll
Symbol file LoadedFromMemory is not a mono symbol file
Symbol file LoadedFromMemory doesn't match image A:\UnitySourceCode\DeathmatchArenaMain\DeathMatchArena\Library\PackageCache\com.unity.visualscripting@1.7.6\Editor\VisualScripting.Core\Dependencies\DotNetZip\Unity.VisualScripting.IonicZip.dll
Native extension for WindowsStandalone target not found
Native extension for Android target not found
Refreshing native plugins compatible for Editor in 1.49 ms, found 3 plugins.
Preloading 0 native plugins for Editor in 0.00 ms.
Mono: successfully reloaded assembly
- Completed reload, in  1.165 seconds
Domain Reload Profiling:
	ReloadAssembly (1165ms)
		BeginReloadAssembly (128ms)
			ExecutionOrderSort (0ms)
			DisableScriptedObjects (3ms)
			BackupInstance (0ms)
			ReleaseScriptingObjects (0ms)
			CreateAndSetChildDomain (46ms)
		EndReloadAssembly (957ms)
			LoadAssemblies (85ms)
			RebuildTransferFunctionScriptingTraits (0ms)
			SetupTypeCache (261ms)
			ReleaseScriptCaches (2ms)
			RebuildScriptCaches (50ms)
			SetupLoadedEditorAssemblies (506ms)
				LogAssemblyErrors (0ms)
				InitializePlatformSupportModulesInManaged (19ms)
				SetLoadedEditorAssemblies (1ms)
				RefreshPlugins (2ms)
				BeforeProcessingInitializeOnLoad (63ms)
				ProcessInitializeOnLoadAttributes (389ms)
				ProcessInitializeOnLoadMethodAttributes (27ms)
				AfterProcessingInitializeOnLoad (6ms)
				EditorAssembliesLoaded (0ms)
			ExecutionOrderSort2 (0ms)
			AwakeInstancesAfterBackupRestoration (7ms)
Platform modules already initialized, skipping
Refreshing native plugins compatible for Editor in 2.89 ms, found 3 plugins.
Preloading 0 native plugins for Editor in 0.00 ms.
Unloading 4476 Unused Serialized files (Serialized files now loaded: 0)
Unloading 21 unused Assets / (24.8 KB). Loaded Objects now: 4980.
Memory consumption went from 164.8 MB to 164.8 MB.
Total: 2.385200 ms (FindLiveObjects: 0.252000 ms CreateObjectMapping: 0.161600 ms MarkObjects: 1.950800 ms  DeleteObjects: 0.019500 ms)

AssetImportParameters requested are different than current active one (requested -> active):
  custom:video-decoder-ogg-theora: a1e56fd34408186e4bbccfd4996cb3dc -> 
  custom:container-muxer-webm: aa71ff27fc2769a1b78a27578f13a17b -> 
  custom:container-demuxer-webm: 4f35f7cbe854078d1ac9338744f61a02 -> 
  custom:video-encoder-webm-vp8: eb34c28f22e8b96e1ab97ce403110664 -> 
  custom:video-codec-MediaFoundation-h265: 746d11721c4dcdbdad8f713fa42b33f4 -> 
  custom:audio-encoder-webm-vorbis: bf7c407c2cedff20999df2af8eb42d56 -> 
  custom:framework-win-MediaFoundation: 216162199b28c13a410421893ffa2e32 -> 
  custom:container-demuxer-ogg: 62fdf1f143b41e24485cea50d1cbac27 -> 
  custom:video-decoder-webm-vp8: 9c59270c3fd7afecdb556c50c9e8de78 -> 
  custom:audio-decoder-ogg-vorbis: bf7c407c2cedff20999df2af8eb42d56 -> 
Editor requested this worker to shutdown with reason: Scaling down because of idle timeout
AssetImportWorker is now disconnected from the server
Process exiting
Exiting without the bug reporter. Application will terminate with return code 0